<?xml version="1.0" encoding="UTF-8"?>
<!-- Generated by org.testng.reporters.JUnitReportReporter -->
<testsuite skipped="0" hostname="DESKTOP-ODQ04I1" name="com.Discovery.Tests.AddFavoriteTest" tests="1" failures="0" timestamp="24 Jul 2019 20:50:25 GMT" time="29.311" errors="0">
  <testcase name="addToFavorites" time="29.311" classname="com.Discovery.Tests.AddFavoriteTest"/>
</testsuite> <!-- com.Discovery.Tests.AddFavoriteTest -->
